0 info it worked if it ends with ok
1 verbose cli [ 'C:\\Program Files\\nodejs\\node.exe',
1 verbose cli   'C:\\Program Files\\nodejs\\node_modules\\npm\\bin\\npm-cli.js',
1 verbose cli   'run',
1 verbose cli   'tsc:w' ]
2 info using npm@2.14.7
3 info using node@v4.2.3
4 verbose run-script [ 'pretsc:w', 'tsc:w', 'posttsc:w' ]
5 info pretsc:w solsof-ng2@0.0.1
6 info tsc:w solsof-ng2@0.0.1
7 verbose unsafe-perm in lifecycle true
8 info solsof-ng2@0.0.1 Failed to exec tsc:w script
9 verbose stack Error: solsof-ng2@0.0.1 tsc:w: `tsc -w --project src`
9 verbose stack Exit status 3221225786
9 verbose stack     at EventEmitter.<anonymous> (C:\Program Files\nodejs\node_modules\npm\lib\utils\lifecycle.js:214:16)
9 verbose stack     at emitTwo (events.js:87:13)
9 verbose stack     at EventEmitter.emit (events.js:172:7)
9 verbose stack     at ChildProcess.<anonymous> (C:\Program Files\nodejs\node_modules\npm\lib\utils\spawn.js:24:14)
9 verbose stack     at emitTwo (events.js:87:13)
9 verbose stack     at ChildProcess.emit (events.js:172:7)
9 verbose stack     at maybeClose (internal/child_process.js:818:16)
9 verbose stack     at Process.ChildProcess._handle.onexit (internal/child_process.js:211:5)
10 verbose pkgid solsof-ng2@0.0.1
11 verbose cwd C:\Users\Bryce\Documents\GitHub\solsof-ng2
12 error Windows_NT 10.0.10586
13 error argv "C:\\Program Files\\nodejs\\node.exe" "C:\\Program Files\\nodejs\\node_modules\\npm\\bin\\npm-cli.js" "run" "tsc:w"
14 error node v4.2.3
15 error npm  v2.14.7
16 error code ELIFECYCLE
17 error solsof-ng2@0.0.1 tsc:w: `tsc -w --project src`
17 error Exit status 3221225786
18 error Failed at the solsof-ng2@0.0.1 tsc:w script 'tsc -w --project src'.
18 error This is most likely a problem with the solsof-ng2 package,
18 error not with npm itself.
18 error Tell the author that this fails on your system:
18 error     tsc -w --project src
18 error You can get their info via:
18 error     npm owner ls solsof-ng2
18 error There is likely additional logging output above.
19 verbose exit [ 1, true ]
